<?xml version="1.0" encoding="UTF-8"?>
<testsuite xmlns:xsi="http://www.w3.org/2001/XMLSchema-instance" xsi:noNamespaceSchemaLocation="https://maven.apache.org/surefire/maven-surefire-plugin/xsd/surefire-test-report.xsd" name="space.harbour.imap.ListMapTests" time="0.298" tests="2" errors="0" skipped="0" failures="0">
  <properties>
[...]
</properties>
  <testcase name="containsTests" classname="space.harbour.imap.ListMapTests" time="0.147"/>
  <testcase name="removeTest" classname="space.harbour.imap.ListMapTests" time="0.088"/>
</testsuite>